2024-12-21 03:56:37,170 - utils.logger - INFO - Starting data ingestion process...
2024-12-21 03:56:37,171 - utils.logger - INFO - Created folder: artifacts
2024-12-21 03:56:37,171 - utils.logger - INFO - Downloading data from https://workdrive.zohoexternal.com/external/544c9e31d9c0a3571cb4010256ba779e0c02dba5f2a0496d15656eb5f119d553
2024-12-21 03:56:38,256 - utils.logger - INFO - File downloaded and saved as artifacts\544c9e31d9c0a3571cb4010256ba779e0c02dba5f2a0496d15656eb5f119d553
2024-12-21 03:56:38,543 - utils.logger - ERROR - Error in data ingestion: Error tokenizing data. C error: Expected 5 fields in line 107, saw 6

2024-12-21 03:56:38,543 - utils.logger - ERROR - An error occurred during the process: Error tokenizing data. C error: Expected 5 fields in line 107, saw 6

2024-12-21 03:58:31,261 - utils.logger - INFO - Starting data ingestion process...
2024-12-21 03:58:31,261 - utils.logger - INFO - Downloading data from https://workdrive.zohoexternal.com/external/544c9e31d9c0a3571cb4010256ba779e0c02dba5f2a0496d15656eb5f119d553
2024-12-21 03:58:32,360 - utils.logger - INFO - Response status code: 200
2024-12-21 03:58:32,362 - utils.logger - INFO - File downloaded and saved as artifacts\544c9e31d9c0a3571cb4010256ba779e0c02dba5f2a0496d15656eb5f119d553
2024-12-21 03:58:32,363 - utils.logger - ERROR - Downloaded file is not a CSV: artifacts\544c9e31d9c0a3571cb4010256ba779e0c02dba5f2a0496d15656eb5f119d553
2024-12-21 03:58:32,363 - utils.logger - ERROR - Error in data ingestion: Downloaded file is not a CSV
2024-12-21 03:58:32,363 - utils.logger - ERROR - An error occurred during the process: Downloaded file is not a CSV
2024-12-21 03:59:43,936 - utils.logger - INFO - Starting data ingestion process...
2024-12-21 03:59:43,936 - utils.logger - ERROR - File does not exist: https://workdrive.zohoexternal.com/external/544c9e31d9c0a3571cb4010256ba779e0c02dba5f2a0496d15656eb5f119d553
2024-12-21 03:59:43,937 - utils.logger - ERROR - Error in data ingestion: File does not exist: https://workdrive.zohoexternal.com/external/544c9e31d9c0a3571cb4010256ba779e0c02dba5f2a0496d15656eb5f119d553
2024-12-21 03:59:43,938 - utils.logger - ERROR - An error occurred during the process: File does not exist: https://workdrive.zohoexternal.com/external/544c9e31d9c0a3571cb4010256ba779e0c02dba5f2a0496d15656eb5f119d553
2024-12-21 04:00:51,289 - utils.logger - INFO - Starting data ingestion process...
2024-12-21 04:00:51,290 - utils.logger - ERROR - Unsupported file type: C:/DATASETS/Rotten_Tomatoes_Movies3.xls
2024-12-21 04:00:51,290 - utils.logger - ERROR - Error in data ingestion: Unsupported file type: C:/DATASETS/Rotten_Tomatoes_Movies3.xls
2024-12-21 04:00:51,290 - utils.logger - ERROR - An error occurred during the process: Unsupported file type: C:/DATASETS/Rotten_Tomatoes_Movies3.xls
2024-12-21 04:01:55,916 - utils.logger - INFO - Starting data ingestion process...
2024-12-21 04:01:56,803 - utils.logger - INFO - Data successfully ingested from C:/DATASETS/Rotten_Tomatoes_Movies3.xls
2024-12-21 04:01:56,804 - utils.logger - INFO - Preparing base model...
2024-12-21 04:01:56,805 - utils.logger - ERROR - An error occurred during the process: prepare_base_model() missing 1 required positional argument: 'data'
2024-12-21 04:02:16,291 - utils.logger - INFO - Starting data ingestion process...
2024-12-21 04:02:17,137 - utils.logger - INFO - Data successfully ingested from C:/DATASETS/Rotten_Tomatoes_Movies3.xls
2024-12-21 04:02:17,138 - utils.logger - INFO - Preparing base model...
2024-12-21 04:02:17,138 - utils.logger - ERROR - An error occurred during the process: prepare_base_model() missing 1 required positional argument: 'data'
2024-12-21 04:03:27,042 - utils.logger - INFO - Starting data ingestion process...
2024-12-21 04:03:27,878 - utils.logger - INFO - Data successfully ingested from C:/DATASETS/Rotten_Tomatoes_Movies3.xls
2024-12-21 04:03:27,879 - utils.logger - INFO - Preparing base model...
2024-12-21 04:03:27,880 - utils.logger - ERROR - An error occurred during the process: prepare_base_model() missing 1 required positional argument: 'data'
2024-12-21 04:04:18,466 - utils.logger - INFO - Starting data ingestion process...
2024-12-21 04:04:18,499 - utils.logger - INFO - File copied to artifacts folder: C:/DATASETS/Rotten_Tomatoes_Movies3.xls
2024-12-21 04:04:19,418 - utils.logger - INFO - Data successfully ingested from C:/DATASETS/Rotten_Tomatoes_Movies3.xls
2024-12-21 04:04:19,418 - utils.logger - INFO - Preparing base model...
2024-12-21 04:04:19,418 - utils.logger - ERROR - An error occurred during the process: prepare_base_model() missing 1 required positional argument: 'data'
2024-12-21 17:02:00,972 - utils.logger - INFO - Starting data ingestion process...
2024-12-21 17:02:01,903 - utils.logger - INFO - Data successfully ingested from C:/DATASETS/Rotten_Tomatoes_Movies3.xls
2024-12-21 17:02:01,903 - utils.logger - INFO - Preparing base model...
2024-12-21 17:02:01,904 - utils.logger - ERROR - An error occurred during the process: prepare_base_model() missing 1 required positional argument: 'df'
2024-12-21 17:03:15,163 - utils.logger - INFO - Starting data ingestion process...
2024-12-21 17:03:16,011 - utils.logger - INFO - Data successfully ingested from C:/DATASETS/Rotten_Tomatoes_Movies3.xls
2024-12-21 17:03:16,012 - utils.logger - INFO - Preparing base model...
2024-12-21 17:03:16,012 - utils.logger - ERROR - An error occurred during the process: prepare_base_model() missing 1 required positional argument: 'data'
2024-12-21 17:04:06,392 - utils.logger - INFO - Starting data ingestion process...
2024-12-21 17:04:07,249 - utils.logger - INFO - Data successfully ingested from C:/DATASETS/Rotten_Tomatoes_Movies3.xls
2024-12-21 17:04:07,249 - utils.logger - INFO - Data successfully ingested.
2024-12-21 17:04:07,249 - utils.logger - INFO - Preparing base model...
2024-12-21 17:04:07,249 - utils.logger - INFO - Preparing base model for prediction...
2024-12-21 17:04:07,324 - utils.logger - INFO - Evaluating models...
2024-12-21 17:04:07,325 - utils.logger - ERROR - An error occurred during the process: "['target_column'] not found in axis"
2024-12-21 17:05:11,038 - utils.logger - INFO - Starting data ingestion process...
2024-12-21 17:05:11,876 - utils.logger - INFO - Data successfully ingested from C:/DATASETS/Rotten_Tomatoes_Movies3.xls
2024-12-21 17:05:11,876 - utils.logger - INFO - Preparing base model...
2024-12-21 17:05:11,890 - utils.logger - ERROR - An error occurred during the process: prepare_base_model() missing 1 required positional argument: 'data'
2024-12-21 17:05:50,324 - utils.logger - INFO - Starting data ingestion process...
2024-12-21 17:05:51,176 - utils.logger - INFO - Data successfully ingested from C:/DATASETS/Rotten_Tomatoes_Movies3.xls
2024-12-21 17:05:51,176 - utils.logger - INFO - Preparing base model...
2024-12-21 17:05:51,176 - utils.logger - INFO - Preparing base model for prediction...
2024-12-21 17:05:51,239 - utils.logger - INFO - Training the model...
2024-12-21 17:05:51,239 - utils.logger - ERROR - An error occurred during the process: train_model() takes 3 positional arguments but 4 were given
2024-12-21 17:08:13,054 - utils.logger - INFO - Starting data ingestion process...
2024-12-21 17:08:13,898 - utils.logger - INFO - Data successfully ingested from C:/DATASETS/Rotten_Tomatoes_Movies3.xls
2024-12-21 17:08:13,899 - utils.logger - INFO - Preparing base model...
2024-12-21 17:08:13,899 - utils.logger - INFO - Preparing base model for prediction...
2024-12-21 17:08:13,964 - utils.logger - INFO - Training all models...
2024-12-21 17:08:13,964 - utils.logger - INFO - Training the models...
2024-12-21 17:08:13,964 - utils.logger - INFO - Training LinearRegression...
2024-12-21 17:08:14,048 - utils.logger - ERROR - Error during model training: could not convert string to float: 'Tank Girl'
2024-12-21 17:08:14,049 - utils.logger - ERROR - An error occurred during the process: could not convert string to float: 'Tank Girl'
2024-12-21 17:09:58,030 - utils.logger - INFO - Starting data ingestion process...
2024-12-21 17:09:58,886 - utils.logger - INFO - Data successfully ingested from C:/DATASETS/Rotten_Tomatoes_Movies3.xls
2024-12-21 17:09:58,887 - utils.logger - INFO - Preparing base model...
2024-12-21 17:09:58,887 - utils.logger - INFO - Preparing base model for prediction...
2024-12-21 17:09:58,935 - utils.logger - INFO - Performing feature encoding...
2024-12-21 17:09:58,950 - utils.logger - ERROR - Error in feature encoding: 'audience_rating'
2024-12-21 17:09:58,951 - utils.logger - ERROR - Error in preparing the base model: 'audience_rating'
2024-12-21 17:09:58,951 - utils.logger - ERROR - An error occurred during the process: 'audience_rating'
2024-12-21 17:10:48,979 - utils.logger - INFO - Starting data ingestion process...
2024-12-21 17:10:49,845 - utils.logger - INFO - Data successfully ingested from C:/DATASETS/Rotten_Tomatoes_Movies3.xls
2024-12-21 17:10:49,846 - utils.logger - INFO - Preparing base model...
2024-12-21 17:10:49,846 - utils.logger - INFO - Preparing base model for prediction...
2024-12-21 17:10:49,902 - utils.logger - INFO - Performing feature encoding...
2024-12-21 17:10:49,903 - utils.logger - ERROR - Error in feature encoding: 'audience_rating' column is missing from the data
2024-12-21 17:10:49,903 - utils.logger - ERROR - Error in preparing the base model: 'audience_rating' column is missing from the data
2024-12-21 17:10:49,903 - utils.logger - ERROR - An error occurred during the process: 'audience_rating' column is missing from the data
2024-12-21 17:14:09,356 - utils.logger - INFO - Starting data ingestion process...
2024-12-21 17:14:10,197 - utils.logger - INFO - Data successfully ingested from C:/DATASETS/Rotten_Tomatoes_Movies3.xls
2024-12-21 17:14:10,198 - utils.logger - INFO - Preparing base model...
2024-12-21 17:14:10,198 - utils.logger - INFO - Preparing base model for prediction...
2024-12-21 17:14:10,240 - utils.logger - INFO - Performing feature encoding...
2024-12-21 17:14:10,240 - utils.logger - ERROR - Error in feature encoding: 'audience_rating' column is missing from the data
2024-12-21 17:14:10,240 - utils.logger - ERROR - Error in preparing the base model: 'audience_rating' column is missing from the data
2024-12-21 17:14:10,241 - utils.logger - ERROR - An error occurred during the process: 'audience_rating' column is missing from the data
2024-12-21 17:15:37,791 - utils.logger - INFO - Starting data ingestion process...
2024-12-21 17:15:38,633 - utils.logger - INFO - Data successfully ingested from C:/DATASETS/Rotten_Tomatoes_Movies3.xls
2024-12-21 17:15:38,649 - utils.logger - INFO - Preparing base model...
2024-12-21 17:15:38,649 - utils.logger - INFO - Preparing base model for prediction...
2024-12-21 17:15:38,696 - utils.logger - INFO - Performing feature encoding...
2024-12-21 17:15:38,696 - utils.logger - WARNING - 'audience_rating' column is missing, using default values for encoding
2024-12-21 17:15:38,952 - utils.logger - INFO - Training all models...
2024-12-21 17:15:38,952 - utils.logger - INFO - Training the models...
2024-12-21 17:15:38,952 - utils.logger - INFO - Training LinearRegression...
2024-12-21 17:15:38,962 - utils.logger - ERROR - Error during model training: Input y contains NaN.
2024-12-21 17:15:38,962 - utils.logger - ERROR - An error occurred during the process: Input y contains NaN.
2024-12-21 17:19:22,739 - utils.logger - INFO - Starting data ingestion process...
2024-12-21 17:19:23,627 - utils.logger - INFO - Data successfully ingested from C:/DATASETS/Rotten_Tomatoes_Movies3.xls
2024-12-21 17:19:23,627 - utils.logger - INFO - Preparing base model...
2024-12-21 17:19:23,627 - utils.logger - INFO - Preparing base model for prediction...
2024-12-21 17:19:23,694 - utils.logger - INFO - Performing feature encoding...
2024-12-21 17:19:23,697 - utils.logger - ERROR - Error in feature encoding: 'audience_rating'
2024-12-21 17:19:23,697 - utils.logger - ERROR - Error in preparing the base model: 'audience_rating'
2024-12-21 17:19:23,697 - utils.logger - ERROR - An error occurred during the process: 'audience_rating'
2024-12-21 17:23:59,689 - utils.logger - INFO - Starting data ingestion process...
2024-12-21 17:24:00,557 - utils.logger - INFO - Data successfully ingested from C:/DATASETS/Rotten_Tomatoes_Movies3.xls
2024-12-21 17:24:00,559 - utils.logger - INFO - Preparing base model...
2024-12-21 17:24:00,559 - utils.logger - INFO - Preparing base model for prediction...
2024-12-21 17:24:00,621 - utils.logger - INFO - Performing feature encoding...
2024-12-21 17:24:00,878 - utils.logger - INFO - Training all models...
2024-12-21 17:24:00,879 - utils.logger - INFO - Training the models...
2024-12-21 17:24:00,879 - utils.logger - INFO - Training LinearRegression...
2024-12-21 17:24:00,881 - utils.logger - ERROR - Error during model training: Input y contains NaN.
2024-12-21 17:24:00,881 - utils.logger - ERROR - An error occurred during the process: Input y contains NaN.
2024-12-21 17:26:22,911 - utils.logger - INFO - Starting data ingestion process...
2024-12-21 17:26:23,775 - utils.logger - INFO - Data successfully ingested from C:/DATASETS/Rotten_Tomatoes_Movies3.xls
2024-12-21 17:26:23,775 - utils.logger - INFO - Preparing base model...
2024-12-21 17:26:23,775 - utils.logger - INFO - Preparing base model for prediction...
2024-12-21 17:26:23,834 - utils.logger - INFO - Performing feature encoding...
2024-12-21 17:26:24,078 - utils.logger - INFO - Checking for NaN values in y_train: 199
2024-12-21 17:26:24,079 - utils.logger - INFO - Found NaN values in y_train. Dropping them...
2024-12-21 17:26:24,080 - utils.logger - ERROR - An error occurred during the process: ['target_column_name']
2024-12-21 17:28:28,055 - utils.logger - INFO - Starting data ingestion process...
2024-12-21 17:28:28,940 - utils.logger - INFO - Data successfully ingested from C:/DATASETS/Rotten_Tomatoes_Movies3.xls
2024-12-21 17:28:28,940 - utils.logger - INFO - Columns in the dataset: Index(['movie_title', 'movie_info', 'critics_consensus', 'rating', 'genre',
       'directors', 'writers', 'cast', 'in_theaters_date', 'on_streaming_date',
       'runtime_in_minutes', 'studio_name', 'tomatometer_status',
       'tomatometer_rating', 'tomatometer_count', 'audience_rating'],
      dtype='object')
2024-12-21 17:28:28,941 - utils.logger - INFO - Preparing base model...
2024-12-21 17:28:28,941 - utils.logger - INFO - Preparing base model for prediction...
2024-12-21 17:28:28,998 - utils.logger - INFO - Performing feature encoding...
2024-12-21 17:28:29,238 - utils.logger - INFO - Checking for NaN values in y_train: 199
2024-12-21 17:28:29,250 - utils.logger - INFO - Found NaN values in y_train. Dropping them...
2024-12-21 17:28:29,260 - utils.logger - INFO - Number of NaN values in y_train after dropping: 0
2024-12-21 17:28:29,260 - utils.logger - INFO - Training all models...
2024-12-21 17:28:29,261 - utils.logger - INFO - Training the models...
2024-12-21 17:28:29,261 - utils.logger - INFO - Training LinearRegression...
2024-12-21 17:28:29,351 - utils.logger - ERROR - Error during model training: could not convert string to float: 'Percy Jackson & the Olympians: The Lightning Thief'
2024-12-21 17:28:29,351 - utils.logger - ERROR - An error occurred during the process: could not convert string to float: 'Percy Jackson & the Olympians: The Lightning Thief'
2024-12-21 17:28:37,765 - utils.logger - INFO - Starting data ingestion process...
2024-12-21 17:28:38,641 - utils.logger - INFO - Data successfully ingested from C:/DATASETS/Rotten_Tomatoes_Movies3.xls
2024-12-21 17:28:38,642 - utils.logger - INFO - Columns in the dataset: Index(['movie_title', 'movie_info', 'critics_consensus', 'rating', 'genre',
       'directors', 'writers', 'cast', 'in_theaters_date', 'on_streaming_date',
       'runtime_in_minutes', 'studio_name', 'tomatometer_status',
       'tomatometer_rating', 'tomatometer_count', 'audience_rating'],
      dtype='object')
2024-12-21 17:28:38,642 - utils.logger - INFO - Preparing base model...
2024-12-21 17:28:38,642 - utils.logger - INFO - Preparing base model for prediction...
2024-12-21 17:28:38,693 - utils.logger - INFO - Performing feature encoding...
2024-12-21 17:28:38,954 - utils.logger - INFO - Checking for NaN values in y_train: 199
2024-12-21 17:28:38,955 - utils.logger - INFO - Found NaN values in y_train. Dropping them...
2024-12-21 17:28:38,963 - utils.logger - INFO - Number of NaN values in y_train after dropping: 0
2024-12-21 17:28:38,963 - utils.logger - INFO - Training all models...
2024-12-21 17:28:38,963 - utils.logger - INFO - Training the models...
2024-12-21 17:28:38,963 - utils.logger - INFO - Training LinearRegression...
2024-12-21 17:28:39,043 - utils.logger - ERROR - Error during model training: could not convert string to float: 'Percy Jackson & the Olympians: The Lightning Thief'
2024-12-21 17:28:39,043 - utils.logger - ERROR - An error occurred during the process: could not convert string to float: 'Percy Jackson & the Olympians: The Lightning Thief'
2024-12-21 17:28:56,689 - utils.logger - INFO - Starting data ingestion process...
2024-12-21 17:28:57,539 - utils.logger - INFO - Data successfully ingested from C:/DATASETS/Rotten_Tomatoes_Movies3.xls
2024-12-21 17:28:57,540 - utils.logger - INFO - Columns in the dataset: Index(['movie_title', 'movie_info', 'critics_consensus', 'rating', 'genre',
       'directors', 'writers', 'cast', 'in_theaters_date', 'on_streaming_date',
       'runtime_in_minutes', 'studio_name', 'tomatometer_status',
       'tomatometer_rating', 'tomatometer_count', 'audience_rating'],
      dtype='object')
2024-12-21 17:28:57,540 - utils.logger - INFO - Preparing base model...
2024-12-21 17:28:57,540 - utils.logger - INFO - Preparing base model for prediction...
2024-12-21 17:28:57,599 - utils.logger - INFO - Performing feature encoding...
2024-12-21 17:28:57,852 - utils.logger - INFO - Checking for NaN values in y_train: 199
2024-12-21 17:28:57,853 - utils.logger - INFO - Found NaN values in y_train. Dropping them...
2024-12-21 17:28:57,861 - utils.logger - INFO - Number of NaN values in y_train after dropping: 0
2024-12-21 17:28:57,861 - utils.logger - INFO - Training all models...
2024-12-21 17:28:57,862 - utils.logger - INFO - Training the models...
2024-12-21 17:28:57,862 - utils.logger - INFO - Training LinearRegression...
2024-12-21 17:28:57,938 - utils.logger - ERROR - Error during model training: could not convert string to float: 'Percy Jackson & the Olympians: The Lightning Thief'
2024-12-21 17:28:57,940 - utils.logger - ERROR - An error occurred during the process: could not convert string to float: 'Percy Jackson & the Olympians: The Lightning Thief'
2024-12-21 17:32:22,614 - utils.logger - INFO - Starting data ingestion process...
2024-12-21 17:32:23,466 - utils.logger - INFO - Data successfully ingested from C:/DATASETS/Rotten_Tomatoes_Movies3.xls
2024-12-21 17:32:23,466 - utils.logger - INFO - Columns in the dataset: Index(['movie_title', 'movie_info', 'critics_consensus', 'rating', 'genre',
       'directors', 'writers', 'cast', 'in_theaters_date', 'on_streaming_date',
       'runtime_in_minutes', 'studio_name', 'tomatometer_status',
       'tomatometer_rating', 'tomatometer_count', 'audience_rating'],
      dtype='object')
2024-12-21 17:32:23,466 - utils.logger - INFO - Preparing base model...
2024-12-21 17:32:23,466 - utils.logger - INFO - Preparing base model for prediction...
2024-12-21 17:32:23,522 - utils.logger - INFO - Performing feature encoding...
2024-12-21 17:32:23,739 - utils.logger - ERROR - Error in preparing the base model: "['movie_title'] not found in axis"
2024-12-21 17:32:23,739 - utils.logger - ERROR - An error occurred during the process: "['movie_title'] not found in axis"
2024-12-21 17:33:51,938 - utils.logger - INFO - Starting data ingestion process...
2024-12-21 17:33:52,817 - utils.logger - INFO - Data successfully ingested from C:/DATASETS/Rotten_Tomatoes_Movies3.xls
2024-12-21 17:33:52,818 - utils.logger - INFO - Columns in the dataset: Index(['movie_title', 'movie_info', 'critics_consensus', 'rating', 'genre',
       'directors', 'writers', 'cast', 'in_theaters_date', 'on_streaming_date',
       'runtime_in_minutes', 'studio_name', 'tomatometer_status',
       'tomatometer_rating', 'tomatometer_count', 'audience_rating'],
      dtype='object')
2024-12-21 17:33:52,819 - utils.logger - INFO - Preparing base model...
2024-12-21 17:33:52,819 - utils.logger - INFO - Preparing base model for prediction...
2024-12-21 17:33:52,877 - utils.logger - INFO - Performing feature encoding...
2024-12-21 17:33:53,024 - utils.logger - ERROR - Error in feature encoding: "['movie_title'] not found in axis"
2024-12-21 17:33:53,025 - utils.logger - ERROR - Error in preparing the base model: "['movie_title'] not found in axis"
2024-12-21 17:33:53,025 - utils.logger - ERROR - An error occurred during the process: "['movie_title'] not found in axis"
2024-12-21 17:34:13,194 - utils.logger - INFO - Starting data ingestion process...
2024-12-21 17:34:14,048 - utils.logger - INFO - Data successfully ingested from C:/DATASETS/Rotten_Tomatoes_Movies3.xls
2024-12-21 17:34:14,048 - utils.logger - INFO - Columns in the dataset: Index(['movie_title', 'movie_info', 'critics_consensus', 'rating', 'genre',
       'directors', 'writers', 'cast', 'in_theaters_date', 'on_streaming_date',
       'runtime_in_minutes', 'studio_name', 'tomatometer_status',
       'tomatometer_rating', 'tomatometer_count', 'audience_rating'],
      dtype='object')
2024-12-21 17:34:14,048 - utils.logger - INFO - Preparing base model...
2024-12-21 17:34:14,048 - utils.logger - INFO - Preparing base model for prediction...
2024-12-21 17:34:14,114 - utils.logger - INFO - Performing feature encoding...
2024-12-21 17:34:14,349 - utils.logger - INFO - Checking for NaN values in y_train: 199
2024-12-21 17:34:14,350 - utils.logger - INFO - Found NaN values in y_train. Dropping them...
2024-12-21 17:34:14,356 - utils.logger - INFO - Number of NaN values in y_train after dropping: 0
2024-12-21 17:34:14,357 - utils.logger - INFO - Training all models...
2024-12-21 17:34:14,357 - utils.logger - INFO - Training the models...
2024-12-21 17:34:14,357 - utils.logger - INFO - Training LinearRegression...
2024-12-21 17:34:14,434 - utils.logger - ERROR - Error during model training: could not convert string to float: 'Percy Jackson & the Olympians: The Lightning Thief'
2024-12-21 17:34:14,434 - utils.logger - ERROR - An error occurred during the process: could not convert string to float: 'Percy Jackson & the Olympians: The Lightning Thief'
2024-12-21 17:35:12,082 - utils.logger - INFO - Starting data ingestion process...
2024-12-21 17:35:12,947 - utils.logger - INFO - Data successfully ingested from C:/DATASETS/Rotten_Tomatoes_Movies3.xls
2024-12-21 17:35:12,947 - utils.logger - INFO - Columns in the dataset: Index(['movie_title', 'movie_info', 'critics_consensus', 'rating', 'genre',
       'directors', 'writers', 'cast', 'in_theaters_date', 'on_streaming_date',
       'runtime_in_minutes', 'studio_name', 'tomatometer_status',
       'tomatometer_rating', 'tomatometer_count', 'audience_rating'],
      dtype='object')
2024-12-21 17:35:12,948 - utils.logger - INFO - Preparing base model...
2024-12-21 17:35:12,948 - utils.logger - INFO - Preparing base model for prediction...
2024-12-21 17:35:12,987 - utils.logger - INFO - Performing feature encoding...
2024-12-21 17:35:12,989 - utils.logger - ERROR - Error in feature encoding: 'audience_rating'
2024-12-21 17:35:12,989 - utils.logger - ERROR - Error in preparing the base model: 'audience_rating'
2024-12-21 17:35:12,989 - utils.logger - ERROR - An error occurred during the process: 'audience_rating'
2024-12-21 17:37:07,967 - utils.logger - INFO - Starting data ingestion process...
2024-12-21 17:37:08,817 - utils.logger - INFO - Data successfully ingested from C:/DATASETS/Rotten_Tomatoes_Movies3.xls
2024-12-21 17:37:08,819 - utils.logger - INFO - Columns in the dataset: Index(['movie_title', 'movie_info', 'critics_consensus', 'rating', 'genre',
       'directors', 'writers', 'cast', 'in_theaters_date', 'on_streaming_date',
       'runtime_in_minutes', 'studio_name', 'tomatometer_status',
       'tomatometer_rating', 'tomatometer_count', 'audience_rating'],
      dtype='object')
2024-12-21 17:37:08,819 - utils.logger - INFO - Preparing base model...
2024-12-21 17:37:08,819 - utils.logger - INFO - Preparing base model for prediction...
2024-12-21 17:37:08,875 - utils.logger - INFO - Performing feature encoding...
2024-12-21 17:37:09,094 - utils.logger - INFO - Checking for NaN values in y_train: 199
2024-12-21 17:37:09,095 - utils.logger - INFO - Found NaN values in y_train. Dropping them...
2024-12-21 17:37:09,103 - utils.logger - INFO - Number of NaN values in y_train after dropping: 0
2024-12-21 17:37:09,103 - utils.logger - INFO - Training all models...
2024-12-21 17:37:09,103 - utils.logger - INFO - Training the models...
2024-12-21 17:37:09,103 - utils.logger - INFO - Training LinearRegression...
2024-12-21 17:37:09,179 - utils.logger - ERROR - Error during model training: could not convert string to float: 'Percy Jackson & the Olympians: The Lightning Thief'
2024-12-21 17:37:09,179 - utils.logger - ERROR - An error occurred during the process: could not convert string to float: 'Percy Jackson & the Olympians: The Lightning Thief'
2024-12-21 17:38:20,848 - utils.logger - INFO - Starting data ingestion process...
2024-12-21 17:38:21,719 - utils.logger - INFO - Data successfully ingested from C:/DATASETS/Rotten_Tomatoes_Movies3.xls
2024-12-21 17:38:21,719 - utils.logger - INFO - Columns in the dataset: Index(['movie_title', 'movie_info', 'critics_consensus', 'rating', 'genre',
       'directors', 'writers', 'cast', 'in_theaters_date', 'on_streaming_date',
       'runtime_in_minutes', 'studio_name', 'tomatometer_status',
       'tomatometer_rating', 'tomatometer_count', 'audience_rating'],
      dtype='object')
2024-12-21 17:38:21,719 - utils.logger - INFO - Preparing base model...
2024-12-21 17:38:21,719 - utils.logger - INFO - Preparing base model for prediction...
2024-12-21 17:38:21,779 - utils.logger - INFO - Performing feature encoding...
2024-12-21 17:38:22,002 - utils.logger - INFO - Checking for NaN values in y_train: 199
2024-12-21 17:38:22,002 - utils.logger - INFO - Found NaN values in y_train. Dropping them...
2024-12-21 17:38:22,004 - utils.logger - INFO - Number of NaN values in y_train after dropping: 0
2024-12-21 17:38:22,004 - utils.logger - INFO - Training all models...
2024-12-21 17:38:22,004 - utils.logger - INFO - Training the models...
2024-12-21 17:38:22,004 - utils.logger - INFO - Training LinearRegression...
2024-12-21 17:38:22,081 - utils.logger - ERROR - Error during model training: could not convert string to float: 'Percy Jackson & the Olympians: The Lightning Thief'
2024-12-21 17:38:22,081 - utils.logger - ERROR - An error occurred during the process: could not convert string to float: 'Percy Jackson & the Olympians: The Lightning Thief'
2024-12-21 17:39:12,621 - utils.logger - INFO - Starting data ingestion process...
2024-12-21 17:39:13,459 - utils.logger - INFO - Data successfully ingested from C:/DATASETS/Rotten_Tomatoes_Movies3.xls
2024-12-21 17:39:13,459 - utils.logger - INFO - Columns in the dataset: Index(['movie_title', 'movie_info', 'critics_consensus', 'rating', 'genre',
       'directors', 'writers', 'cast', 'in_theaters_date', 'on_streaming_date',
       'runtime_in_minutes', 'studio_name', 'tomatometer_status',
       'tomatometer_rating', 'tomatometer_count', 'audience_rating'],
      dtype='object')
2024-12-21 17:39:13,459 - utils.logger - INFO - Preparing base model...
2024-12-21 17:39:13,459 - utils.logger - INFO - Preparing base model for prediction...
2024-12-21 17:39:13,524 - utils.logger - INFO - Performing feature encoding...
2024-12-21 17:39:13,696 - utils.logger - INFO - Checking for NaN values in y_train: 199
2024-12-21 17:39:13,696 - utils.logger - INFO - Found NaN values in y_train. Dropping them...
2024-12-21 17:39:13,706 - utils.logger - INFO - Number of NaN values in y_train after dropping: 0
2024-12-21 17:39:13,706 - utils.logger - INFO - Training all models...
2024-12-21 17:39:13,706 - utils.logger - INFO - Training the models...
2024-12-21 17:39:13,706 - utils.logger - INFO - Training LinearRegression...
2024-12-21 17:39:13,784 - utils.logger - ERROR - Error during model training: could not convert string to float: 'Percy Jackson & the Olympians: The Lightning Thief'
2024-12-21 17:39:13,784 - utils.logger - ERROR - An error occurred during the process: could not convert string to float: 'Percy Jackson & the Olympians: The Lightning Thief'
2024-12-21 17:39:29,039 - utils.logger - INFO - Starting data ingestion process...
2024-12-21 17:39:29,895 - utils.logger - INFO - Data successfully ingested from C:/DATASETS/Rotten_Tomatoes_Movies3.xls
2024-12-21 17:39:29,896 - utils.logger - INFO - Columns in the dataset: Index(['movie_title', 'movie_info', 'critics_consensus', 'rating', 'genre',
       'directors', 'writers', 'cast', 'in_theaters_date', 'on_streaming_date',
       'runtime_in_minutes', 'studio_name', 'tomatometer_status',
       'tomatometer_rating', 'tomatometer_count', 'audience_rating'],
      dtype='object')
2024-12-21 17:39:29,896 - utils.logger - INFO - Preparing base model...
2024-12-21 17:39:29,896 - utils.logger - INFO - Preparing base model for prediction...
2024-12-21 17:39:29,968 - utils.logger - INFO - Performing feature encoding...
2024-12-21 17:39:30,124 - utils.logger - INFO - Checking for NaN values in y_train: 199
2024-12-21 17:39:30,125 - utils.logger - INFO - Found NaN values in y_train. Dropping them...
2024-12-21 17:39:30,134 - utils.logger - INFO - Number of NaN values in y_train after dropping: 0
2024-12-21 17:39:30,134 - utils.logger - INFO - Training all models...
2024-12-21 17:39:30,134 - utils.logger - INFO - Training the models...
2024-12-21 17:39:30,134 - utils.logger - INFO - Training LinearRegression...
2024-12-21 17:39:30,216 - utils.logger - ERROR - Error during model training: could not convert string to float: 'Percy Jackson & the Olympians: The Lightning Thief'
2024-12-21 17:39:30,218 - utils.logger - ERROR - An error occurred during the process: could not convert string to float: 'Percy Jackson & the Olympians: The Lightning Thief'
2024-12-21 17:43:36,629 - utils.logger - INFO - Starting data ingestion process...
2024-12-21 17:43:37,548 - utils.logger - INFO - Data successfully ingested from C:/DATASETS/Rotten_Tomatoes_Movies3.xls
2024-12-21 17:43:37,548 - utils.logger - INFO - Columns in the dataset: Index(['movie_title', 'movie_info', 'critics_consensus', 'rating', 'genre',
       'directors', 'writers', 'cast', 'in_theaters_date', 'on_streaming_date',
       'runtime_in_minutes', 'studio_name', 'tomatometer_status',
       'tomatometer_rating', 'tomatometer_count', 'audience_rating'],
      dtype='object')
2024-12-21 17:43:37,549 - utils.logger - INFO - Preparing base model...
2024-12-21 17:43:37,549 - utils.logger - INFO - Preparing base model for prediction...
2024-12-21 17:43:37,629 - utils.logger - INFO - Performing feature encoding...
2024-12-21 17:43:37,781 - utils.logger - INFO - Checking for NaN values in y_train: 199
2024-12-21 17:43:37,781 - utils.logger - INFO - Found NaN values in y_train. Dropping them...
2024-12-21 17:43:37,788 - utils.logger - INFO - Number of NaN values in y_train after dropping: 0
2024-12-21 17:43:37,788 - utils.logger - INFO - Training all models...
2024-12-21 17:43:37,788 - utils.logger - INFO - Training the models...
2024-12-21 17:43:37,789 - utils.logger - INFO - Training LinearRegression...
2024-12-21 17:43:37,871 - utils.logger - ERROR - Error during model training: could not convert string to float: 'Percy Jackson & the Olympians: The Lightning Thief'
2024-12-21 17:43:37,872 - utils.logger - ERROR - An error occurred during the process: could not convert string to float: 'Percy Jackson & the Olympians: The Lightning Thief'
2024-12-21 18:05:09,069 - utils.logger - INFO - Starting data ingestion process...
2024-12-21 18:05:09,976 - utils.logger - INFO - Data successfully ingested from C:/DATASETS/Rotten_Tomatoes_Movies3.xls
2024-12-21 18:05:09,977 - utils.logger - INFO - Columns in the dataset: Index(['movie_title', 'movie_info', 'critics_consensus', 'rating', 'genre',
       'directors', 'writers', 'cast', 'in_theaters_date', 'on_streaming_date',
       'runtime_in_minutes', 'studio_name', 'tomatometer_status',
       'tomatometer_rating', 'tomatometer_count', 'audience_rating'],
      dtype='object')
2024-12-21 18:05:09,977 - utils.logger - INFO - Preparing base model...
2024-12-21 18:05:10,272 - utils.logger - INFO - Checking for NaN values in y_train: 199
2024-12-21 18:05:10,273 - utils.logger - INFO - Found NaN values in y_train. Dropping them...
2024-12-21 18:05:10,290 - utils.logger - INFO - Number of NaN values in y_train after dropping: 0
2024-12-21 18:05:10,290 - utils.logger - INFO - Training all models...
2024-12-21 18:05:10,290 - utils.logger - INFO - Training the models...
2024-12-21 18:05:10,291 - utils.logger - INFO - Training LinearRegression...
2024-12-21 18:05:10,386 - utils.logger - ERROR - Error during model training: could not convert string to float: 'Percy Jackson & the Olympians: The Lightning Thief'
2024-12-21 18:05:10,386 - utils.logger - ERROR - An error occurred during the process: could not convert string to float: 'Percy Jackson & the Olympians: The Lightning Thief'
2024-12-21 18:05:31,004 - utils.logger - INFO - Starting data ingestion process...
2024-12-21 18:05:31,852 - utils.logger - INFO - Data successfully ingested from C:/DATASETS/Rotten_Tomatoes_Movies3.xls
2024-12-21 18:05:31,853 - utils.logger - INFO - Columns in the dataset: Index(['movie_title', 'movie_info', 'critics_consensus', 'rating', 'genre',
       'directors', 'writers', 'cast', 'in_theaters_date', 'on_streaming_date',
       'runtime_in_minutes', 'studio_name', 'tomatometer_status',
       'tomatometer_rating', 'tomatometer_count', 'audience_rating'],
      dtype='object')
2024-12-21 18:05:31,853 - utils.logger - INFO - Preparing base model...
2024-12-21 18:05:32,127 - utils.logger - INFO - Checking for NaN values in y_train: 199
2024-12-21 18:05:32,128 - utils.logger - INFO - Found NaN values in y_train. Dropping them...
2024-12-21 18:05:32,142 - utils.logger - INFO - Number of NaN values in y_train after dropping: 0
2024-12-21 18:05:32,142 - utils.logger - INFO - Training all models...
2024-12-21 18:05:32,143 - utils.logger - INFO - Training the models...
2024-12-21 18:05:32,143 - utils.logger - INFO - Training LinearRegression...
2024-12-21 18:05:32,228 - utils.logger - ERROR - Error during model training: could not convert string to float: 'Percy Jackson & the Olympians: The Lightning Thief'
2024-12-21 18:05:32,230 - utils.logger - ERROR - An error occurred during the process: could not convert string to float: 'Percy Jackson & the Olympians: The Lightning Thief'
2024-12-21 18:06:48,033 - utils.logger - INFO - Starting data ingestion process...
2024-12-21 18:06:48,878 - utils.logger - INFO - Data successfully ingested from C:/DATASETS/Rotten_Tomatoes_Movies3.xls
2024-12-21 18:06:48,878 - utils.logger - INFO - Columns in the dataset: Index(['movie_title', 'movie_info', 'critics_consensus', 'rating', 'genre',
       'directors', 'writers', 'cast', 'in_theaters_date', 'on_streaming_date',
       'runtime_in_minutes', 'studio_name', 'tomatometer_status',
       'tomatometer_rating', 'tomatometer_count', 'audience_rating'],
      dtype='object')
2024-12-21 18:06:48,878 - utils.logger - INFO - Preparing base model...
2024-12-21 18:06:49,138 - utils.logger - INFO - Checking for NaN values in y_train: 199
2024-12-21 18:06:49,139 - utils.logger - INFO - Found NaN values in y_train. Dropping them...
2024-12-21 18:06:49,153 - utils.logger - INFO - Number of NaN values in y_train after dropping: 0
2024-12-21 18:06:49,154 - utils.logger - INFO - Training all models...
2024-12-21 18:06:49,154 - utils.logger - INFO - Training the models...
2024-12-21 18:06:49,154 - utils.logger - INFO - Training LinearRegression...
2024-12-21 18:06:49,236 - utils.logger - ERROR - Error during model training: could not convert string to float: 'Percy Jackson & the Olympians: The Lightning Thief'
2024-12-21 18:06:49,247 - utils.logger - ERROR - An error occurred during the process: could not convert string to float: 'Percy Jackson & the Olympians: The Lightning Thief'
2024-12-21 18:06:58,755 - utils.logger - INFO - Starting data ingestion process...
2024-12-21 18:06:59,604 - utils.logger - INFO - Data successfully ingested from C:/DATASETS/Rotten_Tomatoes_Movies3.xls
2024-12-21 18:06:59,605 - utils.logger - INFO - Columns in the dataset: Index(['movie_title', 'movie_info', 'critics_consensus', 'rating', 'genre',
       'directors', 'writers', 'cast', 'in_theaters_date', 'on_streaming_date',
       'runtime_in_minutes', 'studio_name', 'tomatometer_status',
       'tomatometer_rating', 'tomatometer_count', 'audience_rating'],
      dtype='object')
2024-12-21 18:06:59,605 - utils.logger - INFO - Preparing base model...
2024-12-21 18:06:59,892 - utils.logger - INFO - Checking for NaN values in y_train: 199
2024-12-21 18:06:59,893 - utils.logger - INFO - Found NaN values in y_train. Dropping them...
2024-12-21 18:06:59,908 - utils.logger - INFO - Number of NaN values in y_train after dropping: 0
2024-12-21 18:06:59,909 - utils.logger - INFO - Training all models...
2024-12-21 18:06:59,909 - utils.logger - INFO - Training the models...
2024-12-21 18:06:59,910 - utils.logger - INFO - Training LinearRegression...
2024-12-21 18:07:00,000 - utils.logger - ERROR - Error during model training: could not convert string to float: 'Percy Jackson & the Olympians: The Lightning Thief'
2024-12-21 18:07:00,001 - utils.logger - ERROR - An error occurred during the process: could not convert string to float: 'Percy Jackson & the Olympians: The Lightning Thief'
2024-12-21 18:11:41,421 - utils.logger - INFO - Starting data ingestion process...
2024-12-21 18:11:42,274 - utils.logger - INFO - Data successfully ingested from C:/DATASETS/Rotten_Tomatoes_Movies3.xls
2024-12-21 18:11:42,275 - utils.logger - INFO - Columns in the dataset: Index(['movie_title', 'movie_info', 'critics_consensus', 'rating', 'genre',
       'directors', 'writers', 'cast', 'in_theaters_date', 'on_streaming_date',
       'runtime_in_minutes', 'studio_name', 'tomatometer_status',
       'tomatometer_rating', 'tomatometer_count', 'audience_rating'],
      dtype='object')
2024-12-21 18:11:42,275 - utils.logger - INFO - Preparing base model...
2024-12-21 18:11:42,607 - utils.logger - INFO - Checking for NaN values in y_train: 199
2024-12-21 18:11:42,608 - utils.logger - INFO - Found NaN values in y_train. Dropping them...
2024-12-21 18:11:42,617 - utils.logger - INFO - Number of NaN values in y_train after dropping: 0
2024-12-21 18:11:42,617 - utils.logger - INFO - Training all models...
2024-12-21 18:11:42,618 - utils.logger - INFO - Training the models...
2024-12-21 18:11:42,618 - utils.logger - INFO - Training LinearRegression...
2024-12-21 18:11:42,715 - utils.logger - ERROR - Error during model training: could not convert string to float: 'Percy Jackson & the Olympians: The Lightning Thief'
2024-12-21 18:11:42,716 - utils.logger - ERROR - An error occurred during the process: could not convert string to float: 'Percy Jackson & the Olympians: The Lightning Thief'
2024-12-21 18:12:11,612 - utils.logger - INFO - Starting data ingestion process...
2024-12-21 18:12:12,484 - utils.logger - INFO - Data successfully ingested from C:/DATASETS/Rotten_Tomatoes_Movies3.xls
2024-12-21 18:12:12,485 - utils.logger - INFO - Columns in the dataset: Index(['movie_title', 'movie_info', 'critics_consensus', 'rating', 'genre',
       'directors', 'writers', 'cast', 'in_theaters_date', 'on_streaming_date',
       'runtime_in_minutes', 'studio_name', 'tomatometer_status',
       'tomatometer_rating', 'tomatometer_count', 'audience_rating'],
      dtype='object')
2024-12-21 18:12:12,485 - utils.logger - INFO - Preparing base model...
2024-12-21 18:12:12,853 - utils.logger - INFO - Checking for NaN values in y_train: 199
2024-12-21 18:12:12,853 - utils.logger - INFO - Found NaN values in y_train. Dropping them...
2024-12-21 18:12:12,857 - utils.logger - INFO - Number of NaN values in y_train after dropping: 0
2024-12-21 18:12:12,863 - utils.logger - INFO - Training all models...
2024-12-21 18:12:12,863 - utils.logger - INFO - Training the models...
2024-12-21 18:12:12,863 - utils.logger - INFO - Training LinearRegression...
2024-12-21 18:12:12,947 - utils.logger - ERROR - Error during model training: could not convert string to float: 'Percy Jackson & the Olympians: The Lightning Thief'
2024-12-21 18:12:12,947 - utils.logger - ERROR - An error occurred during the process: could not convert string to float: 'Percy Jackson & the Olympians: The Lightning Thief'
2024-12-21 18:12:56,690 - utils.logger - INFO - Starting data ingestion process...
2024-12-21 18:12:57,520 - utils.logger - INFO - Data successfully ingested from C:/DATASETS/Rotten_Tomatoes_Movies3.xls
2024-12-21 18:12:57,521 - utils.logger - INFO - Columns in the dataset: Index(['movie_title', 'movie_info', 'critics_consensus', 'rating', 'genre',
       'directors', 'writers', 'cast', 'in_theaters_date', 'on_streaming_date',
       'runtime_in_minutes', 'studio_name', 'tomatometer_status',
       'tomatometer_rating', 'tomatometer_count', 'audience_rating'],
      dtype='object')
2024-12-21 18:12:57,522 - utils.logger - INFO - Preparing base model...
2024-12-21 18:12:57,897 - utils.logger - INFO - Checking for NaN values in y_train: 199
2024-12-21 18:12:57,898 - utils.logger - INFO - Found NaN values in y_train. Dropping them...
2024-12-21 18:12:57,911 - utils.logger - INFO - Number of NaN values in y_train after dropping: 0
2024-12-21 18:12:57,912 - utils.logger - INFO - Training all models...
2024-12-21 18:12:57,912 - utils.logger - INFO - Training the models...
2024-12-21 18:12:57,913 - utils.logger - INFO - Training LinearRegression...
2024-12-21 18:12:58,004 - utils.logger - ERROR - Error during model training: could not convert string to float: 'Percy Jackson & the Olympians: The Lightning Thief'
2024-12-21 18:12:58,005 - utils.logger - ERROR - An error occurred during the process: could not convert string to float: 'Percy Jackson & the Olympians: The Lightning Thief'
2024-12-21 18:14:06,704 - utils.logger - INFO - Starting data ingestion process...
2024-12-21 18:14:07,562 - utils.logger - INFO - Data successfully ingested from C:/DATASETS/Rotten_Tomatoes_Movies3.xls
2024-12-21 18:14:07,562 - utils.logger - INFO - Columns in the dataset: Index(['movie_title', 'movie_info', 'critics_consensus', 'rating', 'genre',
       'directors', 'writers', 'cast', 'in_theaters_date', 'on_streaming_date',
       'runtime_in_minutes', 'studio_name', 'tomatometer_status',
       'tomatometer_rating', 'tomatometer_count', 'audience_rating'],
      dtype='object')
2024-12-21 18:14:07,562 - utils.logger - INFO - Preparing base model...
2024-12-21 18:14:07,655 - utils.logger - ERROR - An error occurred during the process: not enough values to unpack (expected 4, got 2)
2024-12-21 18:16:24,670 - utils.logger - INFO - Starting data ingestion process...
2024-12-21 18:16:25,537 - utils.logger - INFO - Data successfully ingested from C:/DATASETS/Rotten_Tomatoes_Movies3.xls
2024-12-21 18:16:25,538 - utils.logger - INFO - Columns in the dataset: Index(['movie_title', 'movie_info', 'critics_consensus', 'rating', 'genre',
       'directors', 'writers', 'cast', 'in_theaters_date', 'on_streaming_date',
       'runtime_in_minutes', 'studio_name', 'tomatometer_status',
       'tomatometer_rating', 'tomatometer_count', 'audience_rating'],
      dtype='object')
2024-12-21 18:16:25,540 - utils.logger - INFO - Preparing base model...
2024-12-21 18:16:25,640 - utils.logger - ERROR - An error occurred during the process: not enough values to unpack (expected 4, got 2)
2024-12-21 18:17:34,133 - utils.logger - INFO - Starting data ingestion process...
2024-12-21 18:17:34,992 - utils.logger - INFO - Data successfully ingested from C:/DATASETS/Rotten_Tomatoes_Movies3.xls
2024-12-21 18:17:34,992 - utils.logger - INFO - Columns in the dataset: Index(['movie_title', 'movie_info', 'critics_consensus', 'rating', 'genre',
       'directors', 'writers', 'cast', 'in_theaters_date', 'on_streaming_date',
       'runtime_in_minutes', 'studio_name', 'tomatometer_status',
       'tomatometer_rating', 'tomatometer_count', 'audience_rating'],
      dtype='object')
2024-12-21 18:17:34,992 - utils.logger - INFO - Preparing base model...
2024-12-21 18:17:35,141 - utils.logger - INFO - Checking for NaN values in y_train: 199
2024-12-21 18:17:35,142 - utils.logger - INFO - Found NaN values in y_train. Dropping them...
2024-12-21 18:17:35,147 - utils.logger - INFO - Number of NaN values in y_train after dropping: 0
2024-12-21 18:17:35,147 - utils.logger - INFO - Training all models...
2024-12-21 18:17:35,149 - utils.logger - INFO - Training the models...
2024-12-21 18:17:35,149 - utils.logger - INFO - Training LinearRegression...
2024-12-21 18:17:35,234 - utils.logger - ERROR - Error during model training: could not convert string to float: 'Percy Jackson & the Olympians: The Lightning Thief'
2024-12-21 18:17:35,235 - utils.logger - ERROR - An error occurred during the process: could not convert string to float: 'Percy Jackson & the Olympians: The Lightning Thief'
2024-12-21 18:18:03,160 - utils.logger - INFO - Starting data ingestion process...
2024-12-21 18:18:04,036 - utils.logger - INFO - Data successfully ingested from C:/DATASETS/Rotten_Tomatoes_Movies3.xls
2024-12-21 18:18:04,037 - utils.logger - INFO - Columns in the dataset: Index(['movie_title', 'movie_info', 'critics_consensus', 'rating', 'genre',
       'directors', 'writers', 'cast', 'in_theaters_date', 'on_streaming_date',
       'runtime_in_minutes', 'studio_name', 'tomatometer_status',
       'tomatometer_rating', 'tomatometer_count', 'audience_rating'],
      dtype='object')
2024-12-21 18:18:04,037 - utils.logger - INFO - Preparing base model...
2024-12-21 18:18:04,138 - utils.logger - INFO - Checking for NaN values in y_train: 199
2024-12-21 18:18:04,138 - utils.logger - INFO - Found NaN values in y_train. Dropping them...
2024-12-21 18:18:04,144 - utils.logger - INFO - Number of NaN values in y_train after dropping: 0
2024-12-21 18:18:04,145 - utils.logger - INFO - Training all models...
2024-12-21 18:18:04,145 - utils.logger - INFO - Training the models...
2024-12-21 18:18:04,145 - utils.logger - INFO - Training LinearRegression...
2024-12-21 18:18:04,236 - utils.logger - ERROR - Error during model training: could not convert string to float: 'Percy Jackson & the Olympians: The Lightning Thief'
2024-12-21 18:18:04,237 - utils.logger - ERROR - An error occurred during the process: could not convert string to float: 'Percy Jackson & the Olympians: The Lightning Thief'
2024-12-21 18:18:28,105 - utils.logger - INFO - Starting data ingestion process...
2024-12-21 18:18:28,966 - utils.logger - INFO - Data successfully ingested from C:/DATASETS/Rotten_Tomatoes_Movies3.xls
2024-12-21 18:18:28,967 - utils.logger - INFO - Columns in the dataset: Index(['movie_title', 'movie_info', 'critics_consensus', 'rating', 'genre',
       'directors', 'writers', 'cast', 'in_theaters_date', 'on_streaming_date',
       'runtime_in_minutes', 'studio_name', 'tomatometer_status',
       'tomatometer_rating', 'tomatometer_count', 'audience_rating'],
      dtype='object')
2024-12-21 18:18:28,969 - utils.logger - INFO - Preparing base model...
2024-12-21 18:18:29,077 - utils.logger - ERROR - An error occurred during the process: "[''] not in index"
2024-12-21 18:18:59,673 - utils.logger - INFO - Starting data ingestion process...
2024-12-21 18:19:00,579 - utils.logger - INFO - Data successfully ingested from C:/DATASETS/Rotten_Tomatoes_Movies3.xls
2024-12-21 18:19:00,581 - utils.logger - INFO - Columns in the dataset: Index(['movie_title', 'movie_info', 'critics_consensus', 'rating', 'genre',
       'directors', 'writers', 'cast', 'in_theaters_date', 'on_streaming_date',
       'runtime_in_minutes', 'studio_name', 'tomatometer_status',
       'tomatometer_rating', 'tomatometer_count', 'audience_rating'],
      dtype='object')
2024-12-21 18:19:00,583 - utils.logger - INFO - Preparing base model...
2024-12-21 18:19:00,957 - utils.logger - INFO - Checking for NaN values in y_train: 199
2024-12-21 18:19:00,958 - utils.logger - INFO - Found NaN values in y_train. Dropping them...
2024-12-21 18:19:00,970 - utils.logger - INFO - Number of NaN values in y_train after dropping: 0
2024-12-21 18:19:00,970 - utils.logger - INFO - Training all models...
2024-12-21 18:19:00,971 - utils.logger - INFO - Training the models...
2024-12-21 18:19:00,971 - utils.logger - INFO - Training LinearRegression...
2024-12-21 18:19:01,058 - utils.logger - ERROR - Error during model training: could not convert string to float: 'Percy Jackson & the Olympians: The Lightning Thief'
2024-12-21 18:19:01,059 - utils.logger - ERROR - An error occurred during the process: could not convert string to float: 'Percy Jackson & the Olympians: The Lightning Thief'
2024-12-21 18:22:43,166 - utils.logger - INFO - Starting data ingestion process...
2024-12-21 18:22:44,014 - utils.logger - INFO - Data successfully ingested from C:/DATASETS/Rotten_Tomatoes_Movies3.xls
2024-12-21 18:22:44,014 - utils.logger - INFO - Columns in the dataset: Index(['movie_title', 'movie_info', 'critics_consensus', 'rating', 'genre',
       'directors', 'writers', 'cast', 'in_theaters_date', 'on_streaming_date',
       'runtime_in_minutes', 'studio_name', 'tomatometer_status',
       'tomatometer_rating', 'tomatometer_count', 'audience_rating'],
      dtype='object')
2024-12-21 18:22:44,014 - utils.logger - INFO - Preparing base model...
2024-12-21 18:22:44,357 - utils.logger - ERROR - An error occurred during the process: "['rating', 'tomatometer_status'] not found in axis"
2024-12-21 18:24:06,089 - utils.logger - INFO - Starting data ingestion process...
2024-12-21 18:24:07,079 - utils.logger - INFO - Data successfully ingested from C:/DATASETS/Rotten_Tomatoes_Movies3.xls
2024-12-21 18:24:07,079 - utils.logger - INFO - Columns in the dataset: Index(['movie_title', 'movie_info', 'critics_consensus', 'rating', 'genre',
       'directors', 'writers', 'cast', 'in_theaters_date', 'on_streaming_date',
       'runtime_in_minutes', 'studio_name', 'tomatometer_status',
       'tomatometer_rating', 'tomatometer_count', 'audience_rating'],
      dtype='object')
2024-12-21 18:24:07,080 - utils.logger - INFO - Preparing base model...
2024-12-21 18:24:07,740 - utils.logger - INFO - Checking for NaN values in y_train: 199
2024-12-21 18:24:07,741 - utils.logger - INFO - Found NaN values in y_train. Dropping them...
2024-12-21 18:24:07,757 - utils.logger - INFO - Number of NaN values in y_train after dropping: 0
2024-12-21 18:24:07,758 - utils.logger - INFO - Training all models...
2024-12-21 18:24:07,758 - utils.logger - INFO - Training the models...
2024-12-21 18:24:07,759 - utils.logger - INFO - Training LinearRegression...
2024-12-21 18:24:07,866 - utils.logger - ERROR - Error during model training: could not convert string to float: 'Percy Jackson & the Olympians: The Lightning Thief'
2024-12-21 18:24:07,866 - utils.logger - ERROR - An error occurred during the process: could not convert string to float: 'Percy Jackson & the Olympians: The Lightning Thief'
2024-12-21 18:25:17,295 - utils.logger - INFO - Starting data ingestion process...
2024-12-21 18:25:18,172 - utils.logger - INFO - Data successfully ingested from C:/DATASETS/Rotten_Tomatoes_Movies3.xls
2024-12-21 18:25:18,172 - utils.logger - INFO - Columns in the dataset: Index(['movie_title', 'movie_info', 'critics_consensus', 'rating', 'genre',
       'directors', 'writers', 'cast', 'in_theaters_date', 'on_streaming_date',
       'runtime_in_minutes', 'studio_name', 'tomatometer_status',
       'tomatometer_rating', 'tomatometer_count', 'audience_rating'],
      dtype='object')
2024-12-21 18:25:18,173 - utils.logger - INFO - Preparing base model...
2024-12-21 18:25:18,547 - utils.logger - INFO - Checking for NaN values in y_train: 199
2024-12-21 18:25:18,547 - utils.logger - INFO - Found NaN values in y_train. Dropping them...
2024-12-21 18:25:18,555 - utils.logger - INFO - Number of NaN values in y_train after dropping: 0
2024-12-21 18:25:18,556 - utils.logger - INFO - Training all models...
2024-12-21 18:25:18,556 - utils.logger - INFO - Training the models...
2024-12-21 18:25:18,557 - utils.logger - INFO - Training LinearRegression...
2024-12-21 18:25:18,643 - utils.logger - ERROR - Error during model training: could not convert string to float: 'Percy Jackson & the Olympians: The Lightning Thief'
2024-12-21 18:25:18,644 - utils.logger - ERROR - An error occurred during the process: could not convert string to float: 'Percy Jackson & the Olympians: The Lightning Thief'
2024-12-21 18:30:58,726 - utils.logger - INFO - Starting data ingestion process...
2024-12-21 18:30:59,607 - utils.logger - INFO - Data successfully ingested from C:/DATASETS/Rotten_Tomatoes_Movies3.xls
2024-12-21 18:30:59,607 - utils.logger - INFO - Columns in the dataset: Index(['movie_title', 'movie_info', 'critics_consensus', 'rating', 'genre',
       'directors', 'writers', 'cast', 'in_theaters_date', 'on_streaming_date',
       'runtime_in_minutes', 'studio_name', 'tomatometer_status',
       'tomatometer_rating', 'tomatometer_count', 'audience_rating'],
      dtype='object')
2024-12-21 18:30:59,607 - utils.logger - INFO - Preparing base model...
2024-12-21 18:31:00,050 - utils.logger - INFO - Checking for NaN values in y_train: 199
2024-12-21 18:31:00,051 - utils.logger - INFO - Found NaN values in y_train. Dropping them...
2024-12-21 18:31:00,071 - utils.logger - INFO - Number of NaN values in y_train after dropping: 0
2024-12-21 18:31:00,071 - utils.logger - INFO - Training all models...
2024-12-21 18:31:00,071 - utils.logger - INFO - Training the models...
2024-12-21 18:31:00,073 - utils.logger - INFO - Training LinearRegression...
2024-12-21 18:31:00,159 - utils.logger - ERROR - Error during model training: could not convert string to float: 'Percy Jackson & the Olympians: The Lightning Thief'
2024-12-21 18:31:00,160 - utils.logger - ERROR - An error occurred during the process: could not convert string to float: 'Percy Jackson & the Olympians: The Lightning Thief'
2024-12-21 18:34:14,919 - utils.logger - INFO - Starting data ingestion process...
2024-12-21 18:34:15,959 - utils.logger - INFO - Data successfully ingested from C:/DATASETS/Rotten_Tomatoes_Movies3.xls
2024-12-21 18:34:15,960 - utils.logger - INFO - Columns in the dataset: Index(['movie_title', 'movie_info', 'critics_consensus', 'rating', 'genre',
       'directors', 'writers', 'cast', 'in_theaters_date', 'on_streaming_date',
       'runtime_in_minutes', 'studio_name', 'tomatometer_status',
       'tomatometer_rating', 'tomatometer_count', 'audience_rating'],
      dtype='object')
2024-12-21 18:34:15,960 - utils.logger - INFO - Preparing base model...
2024-12-21 18:34:16,111 - utils.logger - ERROR - An error occurred during the process: "None of [Index(['cast', 'movie_info', 'movie_title'], dtype='object')] are in the [columns]"
2024-12-21 18:37:03,293 - utils.logger - INFO - Starting data ingestion process...
2024-12-21 18:37:04,135 - utils.logger - INFO - Data successfully ingested from C:/DATASETS/Rotten_Tomatoes_Movies3.xls
2024-12-21 18:37:04,135 - utils.logger - INFO - Columns in the dataset: Index(['movie_title', 'movie_info', 'critics_consensus', 'rating', 'genre',
       'directors', 'writers', 'cast', 'in_theaters_date', 'on_streaming_date',
       'runtime_in_minutes', 'studio_name', 'tomatometer_status',
       'tomatometer_rating', 'tomatometer_count', 'audience_rating'],
      dtype='object')
2024-12-21 18:37:04,135 - utils.logger - INFO - Preparing base model...
2024-12-21 18:37:04,524 - utils.logger - INFO - Checking for NaN values in y_train: 199
2024-12-21 18:37:04,526 - utils.logger - INFO - Found NaN values in y_train. Dropping them...
2024-12-21 18:37:04,542 - utils.logger - INFO - Number of NaN values in y_train after dropping: 0
2024-12-21 18:37:04,542 - utils.logger - INFO - Training all models...
2024-12-21 18:37:04,627 - utils.logger - ERROR - An error occurred during the process: could not convert string to float: 'Percy Jackson & the Olympians: The Lightning Thief'
2024-12-21 18:37:48,973 - utils.logger - INFO - Starting data ingestion process...
2024-12-21 18:37:49,807 - utils.logger - INFO - Data successfully ingested from C:/DATASETS/Rotten_Tomatoes_Movies3.xls
2024-12-21 18:37:49,807 - utils.logger - INFO - Columns in the dataset: Index(['movie_title', 'movie_info', 'critics_consensus', 'rating', 'genre',
       'directors', 'writers', 'cast', 'in_theaters_date', 'on_streaming_date',
       'runtime_in_minutes', 'studio_name', 'tomatometer_status',
       'tomatometer_rating', 'tomatometer_count', 'audience_rating'],
      dtype='object')
2024-12-21 18:37:49,822 - utils.logger - INFO - Preparing base model...
2024-12-21 18:37:50,184 - utils.logger - INFO - Checking for NaN values in y_train: 199
2024-12-21 18:37:50,185 - utils.logger - INFO - Found NaN values in y_train. Dropping them...
2024-12-21 18:37:50,200 - utils.logger - INFO - Number of NaN values in y_train after dropping: 0
2024-12-21 18:37:50,201 - utils.logger - INFO - Training all models...
2024-12-21 18:37:50,290 - utils.logger - ERROR - An error occurred during the process: could not convert string to float: 'Percy Jackson & the Olympians: The Lightning Thief'
2024-12-21 18:38:47,720 - utils.logger - INFO - Starting data ingestion process...
2024-12-21 18:38:48,594 - utils.logger - INFO - Data successfully ingested from C:/DATASETS/Rotten_Tomatoes_Movies3.xls
2024-12-21 18:38:48,594 - utils.logger - INFO - Columns in the dataset: Index(['movie_title', 'movie_info', 'critics_consensus', 'rating', 'genre',
       'directors', 'writers', 'cast', 'in_theaters_date', 'on_streaming_date',
       'runtime_in_minutes', 'studio_name', 'tomatometer_status',
       'tomatometer_rating', 'tomatometer_count', 'audience_rating'],
      dtype='object')
2024-12-21 18:38:48,594 - utils.logger - INFO - Preparing base model...
2024-12-21 18:38:48,819 - utils.logger - ERROR - An error occurred during the process: name 'high_cardinality_features' is not defined
2024-12-21 18:39:35,711 - utils.logger - INFO - Starting data ingestion process...
2024-12-21 18:39:36,570 - utils.logger - INFO - Data successfully ingested from C:/DATASETS/Rotten_Tomatoes_Movies3.xls
2024-12-21 18:39:36,571 - utils.logger - INFO - Columns in the dataset: Index(['movie_title', 'movie_info', 'critics_consensus', 'rating', 'genre',
       'directors', 'writers', 'cast', 'in_theaters_date', 'on_streaming_date',
       'runtime_in_minutes', 'studio_name', 'tomatometer_status',
       'tomatometer_rating', 'tomatometer_count', 'audience_rating'],
      dtype='object')
2024-12-21 18:39:36,571 - utils.logger - INFO - Preparing base model...
2024-12-21 18:39:36,935 - utils.logger - INFO - Checking for NaN values in y_train: 0
2024-12-21 18:39:36,936 - utils.logger - INFO - Training all models...
2024-12-21 18:39:46,902 - utils.logger - INFO - Evaluating models...
2024-12-21 18:39:46,902 - utils.logger - ERROR - An error occurred during the process: Input contains NaN.
2024-12-21 18:41:17,892 - utils.logger - INFO - Starting data ingestion process...
2024-12-21 18:41:18,745 - utils.logger - INFO - Data successfully ingested from C:/DATASETS/Rotten_Tomatoes_Movies3.xls
2024-12-21 18:41:18,747 - utils.logger - INFO - Columns in the dataset: Index(['movie_title', 'movie_info', 'critics_consensus', 'rating', 'genre',
       'directors', 'writers', 'cast', 'in_theaters_date', 'on_streaming_date',
       'runtime_in_minutes', 'studio_name', 'tomatometer_status',
       'tomatometer_rating', 'tomatometer_count', 'audience_rating'],
      dtype='object')
2024-12-21 18:41:18,747 - utils.logger - INFO - Preparing base model...
2024-12-21 18:41:19,156 - utils.logger - INFO - Checking for NaN values in y_train: 0
2024-12-21 18:41:19,157 - utils.logger - INFO - Training all models...
2024-12-21 18:41:29,074 - utils.logger - INFO - Evaluating models...
2024-12-21 18:41:29,074 - utils.logger - ERROR - An error occurred during the process: Found input variables with inconsistent numbers of samples: [3275, 3328]
2024-12-21 18:43:28,661 - utils.logger - INFO - Starting data ingestion process...
2024-12-21 18:43:29,584 - utils.logger - INFO - Data successfully ingested from C:/DATASETS/Rotten_Tomatoes_Movies3.xls
2024-12-21 18:43:29,585 - utils.logger - INFO - Columns in the dataset: Index(['movie_title', 'movie_info', 'critics_consensus', 'rating', 'genre',
       'directors', 'writers', 'cast', 'in_theaters_date', 'on_streaming_date',
       'runtime_in_minutes', 'studio_name', 'tomatometer_status',
       'tomatometer_rating', 'tomatometer_count', 'audience_rating'],
      dtype='object')
2024-12-21 18:43:29,587 - utils.logger - INFO - Preparing base model...
2024-12-21 18:43:29,964 - utils.logger - INFO - Checking for NaN values in y_train: 0
2024-12-21 18:43:29,965 - utils.logger - INFO - Training all models...
2024-12-21 18:43:40,302 - utils.logger - INFO - Evaluating models...
2024-12-21 18:43:40,309 - utils.logger - INFO - Evaluation Results for LinearRegression: (1.4710133026856333e-14, 5.143038287794201e-28, 2.2678267764082425e-14, 1.0)
2024-12-21 18:43:40,337 - utils.logger - INFO - Evaluation Results for RandomForest: (0.00039694656488549506, 7.810687022900759e-05, 0.00883780913060514, 0.9999998115770765)
2024-12-21 18:43:40,345 - utils.logger - INFO - Evaluation Results for DecisionTree: (0.0, 0.0, 0.0, 1.0)
2024-12-21 18:43:42,165 - utils.logger - INFO - Evaluation Results for SupportVectorRegressor: (0.5199488930370175, 1.4893827105709654, 1.2204026837773527, 0.9964070530072171)
2024-12-21 18:43:42,191 - utils.logger - INFO - Evaluation Results for GradientBoosting: (0.01208133226510335, 0.0003875523304091012, 0.019686348833877276, 0.9999990650791296)
2024-12-21 18:43:42,198 - utils.logger - INFO - Evaluation Results for Lasso: (0.004119499785677799, 2.3531395803414636e-05, 0.004850917006444723, 0.9999999432334905)
2024-12-21 18:43:42,206 - utils.logger - INFO - Evaluation Results for Ridge: (4.430105106424124e-07, 3.072895308582749e-13, 5.543370192024657e-07, 0.9999999999999992)
2024-12-21 18:43:42,216 - utils.logger - INFO - Evaluation Results for ElasticNet: (0.004214053827460194, 2.4821139976239602e-05, 0.004982081891763683, 0.9999999401221462)
2024-12-21 18:43:42,370 - utils.logger - INFO - Evaluation Results for KNeighbors: (1.9859541984732825, 7.861325190839693, 2.8038054837737394, 0.981035549490911)
2024-12-21 18:43:42,371 - utils.logger - INFO - Making predictions...
2024-12-21 18:43:42,374 - utils.logger - INFO - Making predictions on new data...
2024-12-21 18:43:42,374 - utils.logger - INFO - New data shape: (10, 16)
2024-12-21 18:43:42,374 - utils.logger - ERROR - Error in making predictions: The feature names should match those that were passed during fit.
Feature names unseen at fit time:
- critics_consensus
- in_theaters_date
- on_streaming_date
- rating
- tomatometer_status
Feature names seen at fit time, yet now missing:
- rating_NC17
- rating_NR
- rating_PG
- rating_PG-13
- rating_PG-13)
- ...

2024-12-21 18:43:42,376 - utils.logger - ERROR - An error occurred during the process: The feature names should match those that were passed during fit.
Feature names unseen at fit time:
- critics_consensus
- in_theaters_date
- on_streaming_date
- rating
- tomatometer_status
Feature names seen at fit time, yet now missing:
- rating_NC17
- rating_NR
- rating_PG
- rating_PG-13
- rating_PG-13)
- ...

2024-12-21 18:48:13,170 - utils.logger - INFO - Starting data ingestion process...
2024-12-21 18:48:14,114 - utils.logger - INFO - Data successfully ingested from C:/DATASETS/Rotten_Tomatoes_Movies3.xls
2024-12-21 18:48:14,115 - utils.logger - INFO - Columns in the dataset: Index(['movie_title', 'movie_info', 'critics_consensus', 'rating', 'genre',
       'directors', 'writers', 'cast', 'in_theaters_date', 'on_streaming_date',
       'runtime_in_minutes', 'studio_name', 'tomatometer_status',
       'tomatometer_rating', 'tomatometer_count', 'audience_rating'],
      dtype='object')
2024-12-21 18:48:14,116 - utils.logger - INFO - Preparing base model...
2024-12-21 18:48:14,254 - utils.logger - ERROR - An error occurred during the process: name 'TargetEncoder' is not defined
2024-12-21 18:51:25,840 - utils.logger - INFO - Starting data ingestion process...
2024-12-21 18:51:26,780 - utils.logger - INFO - Data successfully ingested from C:/DATASETS/Rotten_Tomatoes_Movies3.xls
2024-12-21 18:51:26,780 - utils.logger - INFO - Columns in the dataset: Index(['movie_title', 'movie_info', 'critics_consensus', 'rating', 'genre',
       'directors', 'writers', 'cast', 'in_theaters_date', 'on_streaming_date',
       'runtime_in_minutes', 'studio_name', 'tomatometer_status',
       'tomatometer_rating', 'tomatometer_count', 'audience_rating'],
      dtype='object')
2024-12-21 18:51:26,781 - utils.logger - INFO - Preparing base model...
2024-12-21 18:51:27,315 - utils.logger - INFO - Checking for NaN values in y_train: 0
2024-12-21 18:51:27,316 - utils.logger - INFO - Training all models...
2024-12-21 18:51:27,322 - utils.logger - ERROR - An error occurred during the process: Input X contains NaN.
LinearRegression does not accept missing values encoded as NaN natively. For supervised learning, you might want to consider sklearn.ensemble.HistGradientBoostingClassifier and Regressor which accept missing values encoded as NaNs natively. Alternatively, it is possible to preprocess the data, for instance by using an imputer transformer in a pipeline or drop samples with missing values. See https://scikit-learn.org/stable/modules/impute.html You can find a list of all estimators that handle NaN values at the following page: https://scikit-learn.org/stable/modules/impute.html#estimators-that-handle-nan-values
2024-12-21 18:52:24,114 - utils.logger - INFO - Starting data ingestion process...
2024-12-21 18:52:25,050 - utils.logger - INFO - Data successfully ingested from C:/DATASETS/Rotten_Tomatoes_Movies3.xls
2024-12-21 18:52:25,050 - utils.logger - INFO - Columns in the dataset: Index(['movie_title', 'movie_info', 'critics_consensus', 'rating', 'genre',
       'directors', 'writers', 'cast', 'in_theaters_date', 'on_streaming_date',
       'runtime_in_minutes', 'studio_name', 'tomatometer_status',
       'tomatometer_rating', 'tomatometer_count', 'audience_rating'],
      dtype='object')
2024-12-21 18:52:25,050 - utils.logger - INFO - Preparing base model...
2024-12-21 18:52:25,567 - utils.logger - ERROR - An error occurred during the process: "['critics_consensus', 'rating', 'tomatometer_status'] not in index"
2024-12-21 18:53:14,356 - utils.logger - INFO - Starting data ingestion process...
2024-12-21 18:53:15,352 - utils.logger - INFO - Data successfully ingested from C:/DATASETS/Rotten_Tomatoes_Movies3.xls
2024-12-21 18:53:15,354 - utils.logger - INFO - Columns in the dataset: Index(['movie_title', 'movie_info', 'critics_consensus', 'rating', 'genre',
       'directors', 'writers', 'cast', 'in_theaters_date', 'on_streaming_date',
       'runtime_in_minutes', 'studio_name', 'tomatometer_status',
       'tomatometer_rating', 'tomatometer_count', 'audience_rating'],
      dtype='object')
2024-12-21 18:53:15,354 - utils.logger - INFO - Preparing base model...
2024-12-21 18:53:15,888 - utils.logger - ERROR - An error occurred during the process: "['critics_consensus', 'rating', 'tomatometer_status'] not in index"
2024-12-21 18:53:59,928 - utils.logger - INFO - Starting data ingestion process...
2024-12-21 18:54:00,978 - utils.logger - INFO - Data successfully ingested from C:/DATASETS/Rotten_Tomatoes_Movies3.xls
2024-12-21 18:54:00,983 - utils.logger - INFO - Columns in the dataset: Index(['movie_title', 'movie_info', 'critics_consensus', 'rating', 'genre',
       'directors', 'writers', 'cast', 'in_theaters_date', 'on_streaming_date',
       'runtime_in_minutes', 'studio_name', 'tomatometer_status',
       'tomatometer_rating', 'tomatometer_count', 'audience_rating'],
      dtype='object')
2024-12-21 18:54:00,983 - utils.logger - INFO - Preparing base model...
2024-12-21 18:54:01,629 - utils.logger - ERROR - An error occurred during the process: "['critics_consensus', 'rating', 'tomatometer_status'] not in index"
2024-12-21 18:54:54,879 - utils.logger - INFO - Starting data ingestion process...
2024-12-21 18:54:55,835 - utils.logger - INFO - Data successfully ingested from C:/DATASETS/Rotten_Tomatoes_Movies3.xls
2024-12-21 18:54:55,835 - utils.logger - INFO - Columns in the dataset: Index(['movie_title', 'movie_info', 'critics_consensus', 'rating', 'genre',
       'directors', 'writers', 'cast', 'in_theaters_date', 'on_streaming_date',
       'runtime_in_minutes', 'studio_name', 'tomatometer_status',
       'tomatometer_rating', 'tomatometer_count', 'audience_rating'],
      dtype='object')
2024-12-21 18:54:55,835 - utils.logger - INFO - Preparing base model...
2024-12-21 18:54:56,388 - utils.logger - ERROR - An error occurred during the process: "['critics_consensus', 'rating', 'tomatometer_status'] not in index"
2024-12-21 18:55:44,728 - utils.logger - INFO - Starting data ingestion process...
2024-12-21 18:55:45,851 - utils.logger - INFO - Data successfully ingested from C:/DATASETS/Rotten_Tomatoes_Movies3.xls
2024-12-21 18:55:45,853 - utils.logger - INFO - Columns in the dataset: Index(['movie_title', 'movie_info', 'critics_consensus', 'rating', 'genre',
       'directors', 'writers', 'cast', 'in_theaters_date', 'on_streaming_date',
       'runtime_in_minutes', 'studio_name', 'tomatometer_status',
       'tomatometer_rating', 'tomatometer_count', 'audience_rating'],
      dtype='object')
2024-12-21 18:55:45,853 - utils.logger - INFO - Preparing base model...
2024-12-21 18:55:46,541 - utils.logger - ERROR - An error occurred during the process: "['critics_consensus', 'rating', 'tomatometer_status'] not in index"
2024-12-21 18:56:10,121 - utils.logger - INFO - Starting data ingestion process...
2024-12-21 18:56:11,087 - utils.logger - INFO - Data successfully ingested from C:/DATASETS/Rotten_Tomatoes_Movies3.xls
2024-12-21 18:56:11,088 - utils.logger - INFO - Columns in the dataset: Index(['movie_title', 'movie_info', 'critics_consensus', 'rating', 'genre',
       'directors', 'writers', 'cast', 'in_theaters_date', 'on_streaming_date',
       'runtime_in_minutes', 'studio_name', 'tomatometer_status',
       'tomatometer_rating', 'tomatometer_count', 'audience_rating'],
      dtype='object')
2024-12-21 18:56:11,089 - utils.logger - INFO - Preparing base model...
2024-12-21 18:56:11,714 - utils.logger - INFO - Checking for NaN values in y_train: 0
2024-12-21 18:56:11,715 - utils.logger - INFO - Training all models...
2024-12-21 18:56:25,502 - utils.logger - INFO - Evaluating models...
2024-12-21 18:56:25,505 - utils.logger - INFO - Evaluation Results for LinearRegression: (3.542865787067648e-14, 2.58252793660406e-27, 5.081857865588195e-14, 1.0)
2024-12-21 18:56:25,531 - utils.logger - INFO - Evaluation Results for RandomForest: (0.0005258413461545219, 0.00014474158653846102, 0.012030859758905887, 0.9999996451786421)
2024-12-21 18:56:25,534 - utils.logger - INFO - Evaluation Results for DecisionTree: (6.789440804438457e-16, 2.894512706080174e-29, 5.380067570282156e-15, 1.0)
2024-12-21 18:56:28,186 - utils.logger - INFO - Evaluation Results for SupportVectorRegressor: (16.228188642167876, 386.052047058717, 19.64820722251058, 0.0536271237947229)
2024-12-21 18:56:28,202 - utils.logger - INFO - Evaluation Results for GradientBoosting: (0.011196408304876117, 0.0003528905232662883, 0.01878538057283611, 0.999999134919703)
2024-12-21 18:56:28,202 - utils.logger - INFO - Evaluation Results for Lasso: (0.004180613439412468, 2.501620892800172e-05, 0.005001620630155961, 0.9999999386749487)
2024-12-21 18:56:28,212 - utils.logger - INFO - Evaluation Results for Ridge: (4.3889864966006886e-07, 3.024425367828596e-13, 5.499477582305975e-07, 0.9999999999999992)
2024-12-21 18:56:28,213 - utils.logger - INFO - Evaluation Results for ElasticNet: (0.004484852394548603, 2.9120992267770455e-05, 0.0053963869642354645, 0.9999999286124308)
2024-12-21 18:56:28,360 - utils.logger - INFO - Evaluation Results for KNeighbors: (5.732826278911876, 65.74608967052146, 8.108396245283124, 0.8388292033294723)
2024-12-21 18:56:28,360 - utils.logger - INFO - Making predictions...
2024-12-21 18:56:28,360 - utils.logger - INFO - Making predictions on new data...
2024-12-21 18:56:28,360 - utils.logger - INFO - New data shape: (10, 20)
2024-12-21 18:56:28,360 - utils.logger - ERROR - Error in making predictions: could not convert string to float: 'Saturday the 14th'
2024-12-21 18:56:28,360 - utils.logger - ERROR - An error occurred during the process: could not convert string to float: 'Saturday the 14th'
2024-12-21 18:56:45,342 - utils.logger - INFO - Starting data ingestion process...
2024-12-21 18:56:46,262 - utils.logger - INFO - Data successfully ingested from C:/DATASETS/Rotten_Tomatoes_Movies3.xls
2024-12-21 18:56:46,263 - utils.logger - INFO - Columns in the dataset: Index(['movie_title', 'movie_info', 'critics_consensus', 'rating', 'genre',
       'directors', 'writers', 'cast', 'in_theaters_date', 'on_streaming_date',
       'runtime_in_minutes', 'studio_name', 'tomatometer_status',
       'tomatometer_rating', 'tomatometer_count', 'audience_rating'],
      dtype='object')
2024-12-21 18:56:46,263 - utils.logger - INFO - Preparing base model...
2024-12-21 18:56:46,757 - utils.logger - INFO - Checking for NaN values in y_train: 0
2024-12-21 18:56:46,757 - utils.logger - INFO - Training all models...
2024-12-21 18:57:00,323 - utils.logger - INFO - Evaluating models...
2024-12-21 18:57:00,326 - utils.logger - INFO - Evaluation Results for LinearRegression: (3.542865787067648e-14, 2.58252793660406e-27, 5.081857865588195e-14, 1.0)
2024-12-21 18:57:00,349 - utils.logger - INFO - Evaluation Results for RandomForest: (0.0005258413461545219, 0.00014474158653846102, 0.012030859758905887, 0.9999996451786421)
2024-12-21 18:57:00,354 - utils.logger - INFO - Evaluation Results for DecisionTree: (6.789440804438457e-16, 2.894512706080174e-29, 5.380067570282156e-15, 1.0)
2024-12-21 18:57:02,883 - utils.logger - INFO - Evaluation Results for SupportVectorRegressor: (16.228188642167876, 386.052047058717, 19.64820722251058, 0.0536271237947229)
2024-12-21 18:57:02,890 - utils.logger - INFO - Evaluation Results for GradientBoosting: (0.011196408304876117, 0.0003528905232662883, 0.01878538057283611, 0.999999134919703)
2024-12-21 18:57:02,893 - utils.logger - INFO - Evaluation Results for Lasso: (0.004180613439412468, 2.501620892800172e-05, 0.005001620630155961, 0.9999999386749487)
2024-12-21 18:57:02,895 - utils.logger - INFO - Evaluation Results for Ridge: (4.3889864966006886e-07, 3.024425367828596e-13, 5.499477582305975e-07, 0.9999999999999992)
2024-12-21 18:57:02,899 - utils.logger - INFO - Evaluation Results for ElasticNet: (0.004484852394548603, 2.9120992267770455e-05, 0.0053963869642354645, 0.9999999286124308)
2024-12-21 18:57:03,035 - utils.logger - INFO - Evaluation Results for KNeighbors: (5.732826278911876, 65.74608967052146, 8.108396245283124, 0.8388292033294723)
2024-12-21 18:57:03,041 - utils.logger - INFO - Making predictions...
2024-12-21 18:57:03,042 - utils.logger - INFO - Making predictions on new data...
2024-12-21 18:57:03,042 - utils.logger - INFO - New data shape: (10, 20)
2024-12-21 18:57:03,047 - utils.logger - ERROR - Error in making predictions: could not convert string to float: 'Black Pond'
2024-12-21 18:57:03,047 - utils.logger - ERROR - An error occurred during the process: could not convert string to float: 'Black Pond'
2024-12-21 18:59:40,864 - utils.logger - INFO - Starting data ingestion process...
2024-12-21 18:59:41,800 - utils.logger - INFO - Data successfully ingested from C:/DATASETS/Rotten_Tomatoes_Movies3.xls
2024-12-21 18:59:41,801 - utils.logger - INFO - Columns in the dataset: Index(['movie_title', 'movie_info', 'critics_consensus', 'rating', 'genre',
       'directors', 'writers', 'cast', 'in_theaters_date', 'on_streaming_date',
       'runtime_in_minutes', 'studio_name', 'tomatometer_status',
       'tomatometer_rating', 'tomatometer_count', 'audience_rating'],
      dtype='object')
2024-12-21 18:59:41,802 - utils.logger - INFO - Preparing base model...
2024-12-21 18:59:42,316 - utils.logger - INFO - Checking for NaN values in y_train: 0
2024-12-21 18:59:42,317 - utils.logger - INFO - Training all models...
2024-12-21 18:59:55,966 - utils.logger - INFO - Evaluating models...
2024-12-21 18:59:55,972 - utils.logger - INFO - Evaluation Results for LinearRegression: (3.542865787067648e-14, 2.58252793660406e-27, 5.081857865588195e-14, 1.0)
2024-12-21 18:59:55,997 - utils.logger - INFO - Evaluation Results for RandomForest: (0.0005258413461545219, 0.00014474158653846102, 0.012030859758905887, 0.9999996451786421)
2024-12-21 18:59:55,997 - utils.logger - INFO - Evaluation Results for DecisionTree: (6.789440804438457e-16, 2.894512706080174e-29, 5.380067570282156e-15, 1.0)
2024-12-21 18:59:58,563 - utils.logger - INFO - Evaluation Results for SupportVectorRegressor: (16.228188642167876, 386.052047058717, 19.64820722251058, 0.0536271237947229)
2024-12-21 18:59:58,571 - utils.logger - INFO - Evaluation Results for GradientBoosting: (0.011196408304876117, 0.0003528905232662883, 0.01878538057283611, 0.999999134919703)
2024-12-21 18:59:58,576 - utils.logger - INFO - Evaluation Results for Lasso: (0.004180613439412468, 2.501620892800172e-05, 0.005001620630155961, 0.9999999386749487)
2024-12-21 18:59:58,579 - utils.logger - INFO - Evaluation Results for Ridge: (4.3889864966006886e-07, 3.024425367828596e-13, 5.499477582305975e-07, 0.9999999999999992)
2024-12-21 18:59:58,582 - utils.logger - INFO - Evaluation Results for ElasticNet: (0.004484852394548603, 2.9120992267770455e-05, 0.0053963869642354645, 0.9999999286124308)
2024-12-21 18:59:58,727 - utils.logger - INFO - Evaluation Results for KNeighbors: (5.732826278911876, 65.74608967052146, 8.108396245283124, 0.8388292033294723)
2024-12-21 18:59:58,727 - utils.logger - INFO - Making predictions...
2024-12-21 18:59:58,729 - utils.logger - INFO - Making predictions on new data...
2024-12-21 18:59:58,729 - utils.logger - INFO - New data shape: (10, 20)
2024-12-21 18:59:58,733 - utils.logger - ERROR - Error in making predictions: could not convert string to float: "Sammy's Adventures 2 (Sammy's avonturen 2)"
2024-12-21 18:59:58,733 - utils.logger - ERROR - An error occurred during the process: could not convert string to float: "Sammy's Adventures 2 (Sammy's avonturen 2)"
