2024-12-21 21:25:48,012 - research.data_ingestion_01 - INFO - Starting data ingestion...
2024-12-21 21:25:49,340 - research.data_ingestion_01 - INFO - Data saved to artifacts\data.csv
2024-12-21 21:25:49,341 - research.prepare_base_model_02 - INFO - Starting data preparation...
2024-12-21 21:25:50,146 - research.prepare_base_model_02 - INFO - Cleaned data saved to artifacts\cleaned_data.csv
2024-12-21 21:25:50,153 - research.model_training_03 - INFO - Starting model training...
2024-12-21 21:25:50,275 - research.model_training_03 - INFO - LinearRegression Metrics:
2024-12-21 21:25:50,276 - research.model_training_03 - INFO -   MSE: 82.72681239212882
2024-12-21 21:25:50,276 - research.model_training_03 - INFO -   RMSE: 9.095428103840348
2024-12-21 21:25:50,276 - research.model_training_03 - INFO -   MAE: 6.481955785659824
2024-12-21 21:25:50,276 - research.model_training_03 - INFO -   R²: 0.797202444646212
2024-12-21 21:25:50,277 - research.model_training_03 - INFO - ----------------------------------------
2024-12-21 21:25:50,293 - research.model_training_03 - INFO - RidgeRegression Metrics:
2024-12-21 21:25:50,294 - research.model_training_03 - INFO -   MSE: 82.68697262554006
2024-12-21 21:25:50,294 - research.model_training_03 - INFO -   RMSE: 9.093237741615473
2024-12-21 21:25:50,294 - research.model_training_03 - INFO -   MAE: 6.488305258990725
2024-12-21 21:25:50,294 - research.model_training_03 - INFO -   R²: 0.7973001083544637
2024-12-21 21:25:50,294 - research.model_training_03 - INFO - ----------------------------------------
2024-12-21 21:25:50,532 - research.model_training_03 - INFO - LassoRegression Metrics:
2024-12-21 21:25:50,532 - research.model_training_03 - INFO -   MSE: 83.19657106376361
2024-12-21 21:25:50,532 - research.model_training_03 - INFO -   RMSE: 9.121215437854959
2024-12-21 21:25:50,533 - research.model_training_03 - INFO -   MAE: 6.522906918127623
2024-12-21 21:25:50,533 - research.model_training_03 - INFO -   R²: 0.7960508722906592
2024-12-21 21:25:50,533 - research.model_training_03 - INFO - ----------------------------------------
2024-12-21 21:25:50,644 - research.model_training_03 - INFO - DecisionTreeRegressor Metrics:
2024-12-21 21:25:50,646 - research.model_training_03 - INFO -   MSE: 1.360697148745803
2024-12-21 21:25:50,646 - research.model_training_03 - INFO -   RMSE: 1.1664892407329794
2024-12-21 21:25:50,646 - research.model_training_03 - INFO -   MAE: 0.1546236519625108
2024-12-21 21:25:50,646 - research.model_training_03 - INFO -   R²: 0.99666436978093
2024-12-21 21:25:50,647 - research.model_training_03 - INFO - ----------------------------------------
2024-12-21 21:25:57,434 - research.model_training_03 - INFO - RandomForestRegressor Metrics:
2024-12-21 21:25:57,434 - research.model_training_03 - INFO -   MSE: 1.0942822988484864
2024-12-21 21:25:57,435 - research.model_training_03 - INFO -   RMSE: 1.0460794897370307
2024-12-21 21:25:57,435 - research.model_training_03 - INFO -   MAE: 0.1273593245347817
2024-12-21 21:25:57,435 - research.model_training_03 - INFO -   R²: 0.9973174625172128
2024-12-21 21:25:57,436 - research.model_training_03 - INFO - ----------------------------------------
2024-12-21 21:26:00,028 - research.model_training_03 - INFO - GradientBoostingRegressor Metrics:
2024-12-21 21:26:00,028 - research.model_training_03 - INFO -   MSE: 5.4386542344821684
2024-12-21 21:26:00,029 - research.model_training_03 - INFO -   RMSE: 2.3320922439908265
2024-12-21 21:26:00,029 - research.model_training_03 - INFO -   MAE: 1.01570998266368
2024-12-21 21:26:00,029 - research.model_training_03 - INFO -   R²: 0.9866676141474
2024-12-21 21:26:00,029 - research.model_training_03 - INFO - ----------------------------------------
2024-12-21 21:26:00,073 - research.model_training_03 - INFO - Best model saved to artifacts\best_model.pkl
2024-12-21 21:26:00,075 - research.model_training_03 - INFO - Feature names saved to artifacts\feature_names.pkl
2024-12-21 21:26:00,078 - research.prediction_05 - INFO - Starting predictions...
2024-12-21 21:26:00,379 - research.prediction_05 - INFO - Predictions saved to artifacts\predictions.csv
2024-12-21 21:26:00,381 - __main__ - INFO - Pipeline executed successfully!
